<?xml version="1.0" encoding="UTF-8"?>
<!-- Generated by org.testng.reporters.JUnitReportReporter -->
<testsuite hostname="DESKTOP-U9123IR" failures="0" tests="1" name="switchingwindowstest.WindowSwitchTest" time="20.295" errors="0" timestamp="2023-03-20T18:50:41 GET" skipped="0">
  <testcase classname="switchingwindowstest.WindowSwitchTest" name="testWindow" time="20.295"/>
  <system-out/>
</testsuite> <!-- switchingwindowstest.WindowSwitchTest -->
