<?xml version="1.0" encoding="UTF-8"?>
<!-- Generated by org.testng.reporters.JUnitReportReporter -->
<testsuite hostname="DESKTOP-U9123IR" failures="0" tests="1" name="webdrivercommands.NavigateCommands" time="37.531" errors="0" timestamp="2023-03-01T17:40:04 GET" skipped="0">
  <testcase classname="webdrivercommands.NavigateCommands" name="navigateCommands" time="37.531"/>
  <system-out/>
</testsuite> <!-- webdrivercommands.NavigateCommands -->
