<?xml version="1.0" encoding="UTF-8"?>
<!-- Generated by org.testng.reporters.JUnitReportReporter -->
<testsuite hostname="DESKTOP-U9123IR" failures="0" tests="1" name="dropdowntest.VerifyDropDownSortedOptions" time="12.154" errors="0" timestamp="2023-03-20T18:09:04 GET" skipped="0">
  <testcase classname="dropdowntest.VerifyDropDownSortedOptions" name="testDropDown" time="12.154"/>
  <system-out/>
</testsuite> <!-- dropdowntest.VerifyDropDownSortedOptions -->
