<?xml version="1.0" encoding="UTF-8"?>
<!-- Generated by org.testng.reporters.JUnitReportReporter -->
<testsuite hostname="DESKTOP-U9123IR" failures="0" tests="1" name="datadriventest.FixedDepositCalculatorTest" time="11.690" errors="0" timestamp="2023-03-04T15:47:01 GET" skipped="0">
  <testcase classname="datadriventest.FixedDepositCalculatorTest" name="calculateTest" time="11.690"/>
  <system-out/>
</testsuite> <!-- datadriventest.FixedDepositCalculatorTest -->
