<?xml version="1.0" encoding="UTF-8"?>
<!-- Generated by org.testng.reporters.JUnitReportReporter -->
<testsuite hostname="DESKTOP-U9123IR" failures="0" tests="2" name="webdrivercommands.ConditionalCommands" time="60.130" errors="0" timestamp="2023-03-01T17:55:40 GET" skipped="0">
  <testcase classname="webdrivercommands.ConditionalCommands" name="isDisplayedIsEnabledTest" time="29.547"/>
  <system-out/>
  <testcase classname="webdrivercommands.ConditionalCommands" name="isSelectedTest" time="30.583"/>
  <system-out/>
</testsuite> <!-- webdrivercommands.ConditionalCommands -->
