<?xml version="1.0" encoding="UTF-8"?>
<!-- Generated by org.testng.reporters.JUnitReportReporter -->
<testsuite hostname="DESKTOP-U9123IR" failures="0" tests="2" name="webdrivercommands.CloseAndQuit" time="25.371" errors="0" timestamp="2023-03-01T17:22:39 GET" skipped="1">
  <testcase classname="webdrivercommands.CloseAndQuit" name="quitTest" time="25.371"/>
  <system-out/>
  <testcase classname="webdrivercommands.CloseAndQuit" name="closeTest">
    <skipped/>
  </testcase> <!-- closeTest -->
  <system-out/>
</testsuite> <!-- webdrivercommands.CloseAndQuit -->
