<?xml version="1.0" encoding="UTF-8"?>
<!-- Generated by org.testng.reporters.JUnitReportReporter -->
<testsuite hostname="DESKTOP-U9123IR" failures="0" tests="1" name="datadriventest.ExerciseAssignment" time="0.709" errors="0" timestamp="2023-03-03T16:56:50 GET" skipped="0">
  <testcase classname="datadriventest.ExerciseAssignment" name="readExcelDataTest" time="0.709"/>
  <system-out/>
</testsuite> <!-- datadriventest.ExerciseAssignment -->
