<?xml version="1.0" encoding="UTF-8"?>
<!-- Generated by org.testng.reporters.JUnitReportReporter -->
<testsuite hostname="DESKTOP-U9123IR" failures="0" tests="1" name="headless.HeadLessFirefox" time="20.047" errors="0" timestamp="2023-03-01T16:42:26 GET" skipped="0">
  <testcase classname="headless.HeadLessFirefox" name="HeadLessFirefoxTest" time="20.047"/>
  <system-out/>
</testsuite> <!-- headless.HeadLessFirefox -->
