<?xml version="1.0" encoding="UTF-8"?>
<!-- Generated by org.testng.reporters.JUnitReportReporter -->
<testsuite hostname="DESKTOP-U9123IR" failures="0" tests="1" name="headless.HeadLessChrome" time="3.863" errors="0" timestamp="2023-03-01T16:37:01 GET" skipped="0">
  <testcase classname="headless.HeadLessChrome" name="headLessChromeTest" time="3.863"/>
  <system-out/>
</testsuite> <!-- headless.HeadLessChrome -->
