<?xml version="1.0" encoding="UTF-8"?>
<!-- Generated by org.testng.reporters.JUnitReportReporter -->
<testsuite hostname="DESKTOP-U9123IR" failures="0" tests="1" name="webdrivercommands.GetCommands" time="15.414" errors="0" timestamp="2023-03-01T17:09:00 GET" skipped="0">
  <testcase classname="webdrivercommands.GetCommands" name="getCommandsTest" time="15.414"/>
  <system-out/>
</testsuite> <!-- webdrivercommands.GetCommands -->
