<?xml version="1.0" encoding="UTF-8"?>
<!-- Generated by org.testng.reporters.JUnitReportReporter -->
<testsuite hostname="DESKTOP-U9123IR" failures="0" tests="1" name="headless.HtmlUnitHeadless" time="3.314" errors="0" timestamp="2023-03-01T16:52:07 GET" skipped="0">
  <testcase classname="headless.HtmlUnitHeadless" name="HtmlUnitHeadlessTest" time="3.314"/>
  <system-out/>
</testsuite> <!-- headless.HtmlUnitHeadless -->
