<?xml version="1.0" encoding="UTF-8"?>
<!-- Generated by org.testng.reporters.JUnitReportReporter -->
<testsuite hostname="DESKTOP-U9123IR" failures="0" tests="1" name="datadriventest.WritingDataIntoExcel" time="0.723" errors="0" timestamp="2023-03-04T16:02:12 GET" skipped="0">
  <testcase classname="datadriventest.WritingDataIntoExcel" name="WriteData" time="0.723"/>
  <system-out/>
</testsuite> <!-- datadriventest.WritingDataIntoExcel -->
