<?xml version="1.0" encoding="UTF-8"?>
<!-- Generated by org.testng.reporters.JUnitReportReporter -->
<testsuite hostname="DESKTOP-U9123IR" failures="0" tests="1" name="datadriventest.ReadingDataFromExcel" time="1.930" errors="0" timestamp="2023-03-03T16:50:57 GET" skipped="0">
  <testcase classname="datadriventest.ReadingDataFromExcel" name="readDataTest" time="1.930"/>
  <system-out/>
</testsuite> <!-- datadriventest.ReadingDataFromExcel -->
